001/001 -17.41626820
002/002 -25.99223840
003/003 -15.98867360
004/004 -10.67081690
005/005 -21.28246990
006/006 -12.32252250
007/007 -4.92738110
008/008 -9.65276980
009/009 -21.33056090
010/010 -24.94891910
011/011 -2.54859950
012/012 -3.73654150
013/013 -7.73212850
014/014 -13.31962380
015/015 -13.99321020
016/016 -3.53817010
017/017 -22.22745140
018/018 -5.10818110
019/019 -9.02494620
020/020 -19.75221070
021/021 -34.46458550
022/022 -18.82030500
023/023 -3.37163190
024/024 -12.14614010
025/025 -17.63194150
026/026 -18.15390610
027/027 -8.71382040
028/028 -31.32998330
029/029 -33.90256500
030/030 -9.79923060
031/031 -19.95283020
032/032 -24.31406820
033/033 -31.42800940
034/034 -22.04858770
035/035 -7.56910520
036/036 -5.66175930
037/037 -8.92839360
038/038 -24.85856700
039/039 -24.20118560
040/040 -28.57461040
041/041 -40.93271510
042/042 -19.76348070
043/043 -26.73320480
044/044 -3.30137240
045/045 -3.50842380
046/046 -6.54410260
047/047 -7.20458470
048/048 -18.49107650
049/049 -10.69914100
050/050 -14.76890320
051/051 -25.58207860
052/052 -15.65930820
053/053 -18.94166700
054/054 -10.12342010
055/055 -38.32676950
056/056 -18.29466440
057/057 -3.50883330
058/058 -16.51804270
059/059 -13.75431010
060/060 -27.16689830
061/061 -10.68047100
062/062 -2.04678140
063/063 -27.88424500
064/064 -15.91837200
065/065 -13.88539250
066/066 -10.54599080
067/067 -11.99715750
068/068 -10.95287530
069/069 -25.69629820
070/070 -22.54016240
071/071 -18.48324720
072/072 -16.14573660
073/073 -7.87495550
074/074 -8.08306240
075/075 -40.73779840
076/076 -3.54395350
077/077 -34.37518880
078/078 -15.07741350
079/079 -18.46214110
080/080 -7.67987210
081/081 -7.22236160
082/082 -16.95672450
083/083 -29.64158150
084/084 -9.76402570
085/085 -21.13458450
086/086 -3.73680590
087/087 2.32626470
088/088 -28.87914380
089/089 -18.45258490
090/090 -5.95689520
091/091 -30.37588020
092/092 -6.23039880
093/093 -17.25127080
094/094 -25.56819480
095/095 -18.94816610
096/096 -14.94244180
097/097 -17.92388980
098/098 -21.80755880
099/099 -17.42976650
100/100 -11.29851170
101/101 -13.65313740
102/102 -17.57364880
103/103 -27.89521490
104/104 -12.31182680
105/105 -16.96424280
106/106 -31.11301450
107/107 -20.39785870
108/108 -26.52090000
109/109 -16.68110270
110/110 -13.78910220
111/111 -20.74040390
112/112 -30.18293050
113/113 -8.61292780
114/114 -14.30798810
115/115 -24.50820300
116/116 -36.09837040
117/117 -25.98726210
118/118 -26.23765810
119/119 -34.98880500
120/120 -10.19376090
121/121 -10.82281570
122/122 -36.65129540
123/123 -13.17072030
124/124 -17.64151600
125/125 -25.46335650
126/126 -18.92989660
127/127 -8.71363890
128/128 -11.38790030
129/129 -31.33354650
130/130 -20.63670700
131/131 4.78671140
132/132 -27.50237950
133/133 -23.58642070
134/134 -23.14399750
135/135 -33.34074860
136/136 -18.92441950
137/137 -8.66499110
138/138 -9.28808420
139/139 -17.05871180
140/140 -18.98431000
141/141 -14.15840260
142/142 -9.91881840
143/143 -16.94747930
144/144 -19.95905650
145/145 -17.98543460
146/146 -10.67459940
147/147 -24.91564720
148/148 -22.17061600
149/149 -21.32036850
150/150 -18.05319540
151/151 -16.95892300
152/152 -24.60499350
153/153 -39.30130120
154/154 -32.48540510
155/155 -11.76587290
156/156 -19.10473240
157/157 -17.32877740
158/158 -23.91913360
159/159 -6.82109190
160/160 -30.39548010
161/161 -28.06971470
162/162 -8.71310730
163/163 -29.29699850
164/164 -24.60269100
165/165 -24.77181120
166_h/166_h -.57161330
167_li/167_li -.36116600
168_be/168_be -1.16386490
169_b/169_b -2.61307290
170_c/170_c -5.04542670
171_n/171_n -14.75950720
172_o/172_o -23.28992050
173_f/173_f -33.04019180
174_na/174_na -.33260910
175_mg/175_mg -1.02386890
176_al/176_al -2.15233980
177_si/177_si -4.03187810
178_p/178_p -10.79361200
179_s/179_s -16.76362650
180_cl/180_cl -23.58625750
